# JRE version: OpenJDK Runtime Environment Corretto-11.0.19.7.1 (11.0.19+7) (build 11.0.19+7-LTS)
# Java VM: OpenJDK 64-Bit Server VM Corretto-11.0.19.7.1 (11.0.19+7-LTS, mixed mode, tiered, compressed oops, g1 gc, windows-amd64)
Heap:
 garbage-first heap   total 312320K, used 104156K [0x0000000702400000, 0x0000000800000000)
  region size 1024K, 98 young (100352K), 7 survivors (7168K)
 Metaspace       used 49533K, capacity 50992K, committed 51200K, reserved 1093632K
  class space    used 5977K, capacity 6559K, committed 6656K, reserved 1048576K
GC Heap History (10 events):
Event: 0.776 GC heap before
{Heap before GC invocations=0 (full 0):
 garbage-first heap   total 260096K, used 23552K [0x0000000702400000, 0x0000000800000000)
  region size 1024K, 24 young (24576K), 0 survivors (0K)
 Metaspace       used 13811K, capacity 14100K, committed 14336K, reserved 1062912K
  class space    used 1345K, capacity 1427K, committed 1536K, reserved 1048576K
}
Event: 0.781 GC heap after
{Heap after GC invocations=1 (full 0):
 garbage-first heap   total 260096K, used 4915K [0x0000000702400000, 0x0000000800000000)
  region size 1024K, 3 young (3072K), 3 survivors (3072K)
 Metaspace       used 13811K, capacity 14100K, committed 14336K, reserved 1062912K
  class space    used 1345K, capacity 1427K, committed 1536K, reserved 1048576K
}
Event: 1.386 GC heap before
{Heap before GC invocations=1 (full 0):
 garbage-first heap   total 260096K, used 36659K [0x0000000702400000, 0x0000000800000000)
  region size 1024K, 35 young (35840K), 3 survivors (3072K)
 Metaspace       used 20618K, capacity 21143K, committed 21248K, reserved 1069056K
  class space    used 2275K, capacity 2483K, committed 2560K, reserved 1048576K
}
Event: 1.393 GC heap after
{Heap after GC invocations=2 (full 0):
 garbage-first heap   total 260096K, used 6773K [0x0000000702400000, 0x0000000800000000)
  region size 1024K, 5 young (5120K), 5 survivors (5120K)
 Metaspace       used 20618K, capacity 21143K, committed 21248K, reserved 1069056K
  class space    used 2275K, capacity 2483K, committed 2560K, reserved 1048576K
}
Event: 1.884 GC heap before
{Heap before GC invocations=3 (full 0):
 garbage-first heap   total 260096K, used 44661K [0x0000000702400000, 0x0000000800000000)
  region size 1024K, 43 young (44032K), 5 survivors (5120K)
 Metaspace       used 26150K, capacity 26778K, committed 26880K, reserved 1073152K
  class space    used 2972K, capacity 3233K, committed 3328K, reserved 1048576K
}
Event: 1.891 GC heap after
{Heap after GC invocations=4 (full 0):
 garbage-first heap   total 260096K, used 9098K [0x0000000702400000, 0x0000000800000000)
  region size 1024K, 5 young (5120K), 5 survivors (5120K)
 Metaspace       used 26150K, capacity 26778K, committed 26880K, reserved 1073152K
  class space    used 2972K, capacity 3233K, committed 3328K, reserved 1048576K
}
Event: 2.768 GC heap before
{Heap before GC invocations=4 (full 0):
 garbage-first heap   total 260096K, used 70538K [0x0000000702400000, 0x0000000800000000)
  region size 1024K, 66 young (67584K), 5 survivors (5120K)
 Metaspace       used 33604K, capacity 34476K, committed 34560K, reserved 1079296K
  class space    used 3966K, capacity 4299K, committed 4352K, reserved 1048576K
}
Event: 2.774 GC heap after
{Heap after GC invocations=5 (full 0):
 garbage-first heap   total 260096K, used 11568K [0x0000000702400000, 0x0000000800000000)
  region size 1024K, 7 young (7168K), 7 survivors (7168K)
 Metaspace       used 33604K, capacity 34476K, committed 34560K, reserved 1079296K
  class space    used 3966K, capacity 4299K, committed 4352K, reserved 1048576K
}
Event: 3.040 GC heap before
{Heap before GC invocations=5 (full 0):
 garbage-first heap   total 260096K, used 17712K [0x0000000702400000, 0x0000000800000000)
  region size 1024K, 14 young (14336K), 7 survivors (7168K)
 Metaspace       used 34939K, capacity 35831K, committed 35840K, reserved 1081344K
  class space    used 4121K, capacity 4473K, committed 4480K, reserved 1048576K
}
Event: 3.046 GC heap after
{Heap after GC invocations=6 (full 0):
 garbage-first heap   total 312320K, used 11996K [0x0000000702400000, 0x0000000800000000)
  region size 1024K, 7 young (7168K), 7 survivors (7168K)
 Metaspace       used 34939K, capacity 35831K, committed 35840K, reserved 1081344K
  class space    used 4121K, capacity 4473K, committed 4480K, reserved 1048576K
}

